#
# There is insufficient memory for the Java Runtime Environment to continue.
# Native memory allocation (mmap) failed to map 268435456 bytes for Failed to commit area from 0x0000000701c00000 to 0x0000000711c00000 of length 268435456.
# Possible reasons:
#   The system is out of physical RAM or swap space
#   The process is running with CompressedOops enabled, and the Java Heap may be blocking the growth of the native heap
# Possible solutions:
#   Reduce memory load on the system
#   Increase physical memory or swap space
#   Check if swap backing store is full
#   Decrease Java heap size (-Xmx/-Xms)
#   Decrease number of Java threads
#   Decrease Java thread stack sizes (-Xss)
#   Set larger code cache with -XX:ReservedCodeCacheSize=
#   JVM is running with Zero Based Compressed Oops mode in which the Java heap is
#     placed in the first 32GB address space. The Java Heap base address is the
#     maximum limit for the native heap growth. Please use -XX:HeapBaseMinAddress
#     to set the Java Heap base and to place the Java Heap above 32GB virtual address.
# This output file may be truncated or incomplete.
#
#  Out of Memory Error (./src/hotspot/os/windows/os_windows.cpp:3315), pid=8132, tid=11792
#
# JRE version:  (14.0.2+12) (build )
# Java VM: OpenJDK 64-Bit Server VM (14.0.2+12, mixed mode, sharing, tiered, compressed oops, g1 gc, windows-amd64)
# No core dump will be written. Minidumps are not enabled by default on client versions of Windows
#

---------------  S U M M A R Y ------------

Command Line: -Dmaven.multiModuleProjectDirectory=D:\MySelf\Study\Java\JavaStudy\address -Dmaven.home=D:\tools\apache-maven-3.8.2 -Dclassworlds.conf=D:\tools\apache-maven-3.8.2\bin\m2.conf -Dmaven.ext.class.path=D:\ProgramFiles\IntelliJ IDEA 2019.3.1\plugins\maven\lib\maven-event-listener.jar -javaagent:D:\ProgramFiles\IntelliJ IDEA 2019.3.1\lib\idea_rt.jar=3160:D:\ProgramFiles\IntelliJ IDEA 2019.3.1\bin -Dfile.encoding=UTF-8 org.codehaus.classworlds.Launcher -Didea.version=2021.2.2 -s D:\tools\apache-maven-3.8.2\conf\settings.xml -Dmaven.repo.local=D:\tools\maven_jar org.apache.maven.plugins:maven-clean-plugin:2.5:clean

Host: Intel(R) Core(TM) i7-8550U CPU @ 1.80GHz, 8 cores, 15G,  Windows 10 , 64 bit Build 19041 (10.0.19041.1202)
Time: Sat Oct  9 00:52:00 2021 中国标准时间 elapsed time: 0 seconds (0d 0h 0m 0s)

---------------  T H R E A D  ---------------

Current thread (0x0000019dcc336800):  JavaThread "Unknown thread" [_thread_in_vm, id=11792, stack(0x00000038bd700000,0x00000038bd800000)]

Stack: [0x00000038bd700000,0x00000038bd800000]
Native frames: (J=compiled Java code, j=interpreted, Vv=VM code, C=native code)
V  [jvm.dll+0x5fd67a]
V  [jvm.dll+0x79785a]
V  [jvm.dll+0x79900f]
V  [jvm.dll+0x799653]
V  [jvm.dll+0x20f108]
V  [jvm.dll+0x5fa9ca]
V  [jvm.dll+0x5ef825]
V  [jvm.dll+0x2ca8cc]
V  [jvm.dll+0x2ca702]
V  [jvm.dll+0x2d05ec]
V  [jvm.dll+0x316b58]
V  [jvm.dll+0x316280]
V  [jvm.dll+0x2a32da]
V  [jvm.dll+0x2a4429]
V  [jvm.dll+0x774f38]
V  [jvm.dll+0x324784]
V  [jvm.dll+0x75640c]
V  [jvm.dll+0x3959cf]
V  [jvm.dll+0x397c01]
C  [jli.dll+0x524b]
C  [ucrtbase.dll+0x21bb2]
C  [KERNEL32.DLL+0x17034]
C  [ntdll.dll+0x52651]


---------------  P R O C E S S  ---------------

Threads class SMR info:
_java_thread_list=0x00007ffb267935f8, length=0, elements={
}

Java Threads: ( => current thread )

Other Threads:
  0x0000019dcc398800 GCTaskThread "GC Thread#0" [stack: 0x00000038bd800000,0x00000038bd900000] [id=15544]
  0x0000019dcc3bb000 ConcurrentGCThread "G1 Main Marker" [stack: 0x00000038bd900000,0x00000038bda00000] [id=6444]
  0x0000019dcc3bc000 ConcurrentGCThread "G1 Conc#0" [stack: 0x00000038bda00000,0x00000038bdb00000] [id=21700]

[error occurred during error reporting (printing all threads), id 0xc0000005, EXCEPTION_ACCESS_VIOLATION (0xc0000005) at pc=0x00007ffb25f53c07]

VM state:not at safepoint (not fully initialized)

VM Mutex/Monitor currently owned by a thread:  ([mutex/lock_event])
[0x0000019dcc331af0] Heap_lock - owner thread: 0x0000019dcc336800

Heap address: 0x0000000701c00000, size: 4068 MB, Compressed Oops mode: Zero based, Oop shift amount: 3
Narrow klass base: 0x0000000000000000, Narrow klass shift: 0

GC Heap History (0 events):
No events

Deoptimization events (0 events):
No events

Classes unloaded (0 events):
No events

Classes redefined (0 events):
No events

Internal exceptions (0 events):
No events

Events (2 events):
Event: 0.006 Loaded shared library D:\ProgramFiles\Java\AdoptOpenJDK\jdk-14.0.2.12-hotspot\bin\java.dll
Event: 0.007 Loaded shared library D:\ProgramFiles\Java\AdoptOpenJDK\jdk-14.0.2.12-hotspot\bin\zip.dll


Dynamic libraries:
0x00007ff6fcbc0000 - 0x00007ff6fcbcd000 	D:\ProgramFiles\Java\AdoptOpenJDK\jdk-14.0.2.12-hotspot\bin\java.exe
0x00007ffb5d510000 - 0x00007ffb5d705000 	C:\WINDOWS\SYSTEM32\ntdll.dll
0x00007ffb5d2e0000 - 0x00007ffb5d39e000 	C:\WINDOWS\System32\KERNEL32.DLL
0x00007ffb5adf0000 - 0x00007ffb5b0b9000 	C:\WINDOWS\System32\KERNELBASE.dll
0x00007ffb5b0c0000 - 0x00007ffb5b1c0000 	C:\WINDOWS\System32\ucrtbase.dll
0x00007ffb4d470000 - 0x00007ffb4d485000 	D:\ProgramFiles\Java\AdoptOpenJDK\jdk-14.0.2.12-hotspot\bin\VCRUNTIME140.dll
0x00007ffb50b00000 - 0x00007ffb50b18000 	D:\ProgramFiles\Java\AdoptOpenJDK\jdk-14.0.2.12-hotspot\bin\jli.dll
0x00007ffb5bca0000 - 0x00007ffb5be41000 	C:\WINDOWS\System32\USER32.dll
0x00007ffb5b380000 - 0x00007ffb5b3a2000 	C:\WINDOWS\System32\win32u.dll
0x00007ffb47a30000 - 0x00007ffb47cca000 	C:\WINDOWS\WinSxS\amd64_microsoft.windows.common-controls_6595b64144ccf1df_6.0.19041.1110_none_60b5254171f9507e\COMCTL32.dll
0x00007ffb5bef0000 - 0x00007ffb5bf1b000 	C:\WINDOWS\System32\GDI32.dll
0x00007ffb5bc00000 - 0x00007ffb5bc9e000 	C:\WINDOWS\System32\msvcrt.dll
0x00007ffb5ace0000 - 0x00007ffb5adeb000 	C:\WINDOWS\System32\gdi32full.dll
0x00007ffb5b3e0000 - 0x00007ffb5b47d000 	C:\WINDOWS\System32\msvcp_win.dll
0x00007ffb5bfe0000 - 0x00007ffb5c010000 	C:\WINDOWS\System32\IMM32.DLL
0x00007ffb4d3d0000 - 0x00007ffb4d46b000 	D:\ProgramFiles\Java\AdoptOpenJDK\jdk-14.0.2.12-hotspot\bin\msvcp140.dll
0x00007ffb25ca0000 - 0x00007ffb26834000 	D:\ProgramFiles\Java\AdoptOpenJDK\jdk-14.0.2.12-hotspot\bin\server\jvm.dll
0x00007ffb5d3a0000 - 0x00007ffb5d44c000 	C:\WINDOWS\System32\ADVAPI32.dll
0x00007ffb5be50000 - 0x00007ffb5beeb000 	C:\WINDOWS\System32\sechost.dll
0x00007ffb5c7d0000 - 0x00007ffb5c8fa000 	C:\WINDOWS\System32\RPCRT4.dll
0x00007ffb5ba70000 - 0x00007ffb5ba78000 	C:\WINDOWS\System32\PSAPI.DLL
0x00007ffb45b30000 - 0x00007ffb45b39000 	C:\WINDOWS\SYSTEM32\WSOCK32.dll
0x00007ffb49350000 - 0x00007ffb49377000 	C:\WINDOWS\SYSTEM32\WINMM.dll
0x00007ffb53730000 - 0x00007ffb5373a000 	C:\WINDOWS\SYSTEM32\VERSION.dll
0x00007ffb5d1a0000 - 0x00007ffb5d20b000 	C:\WINDOWS\System32\WS2_32.dll
0x00007ffb594b0000 - 0x00007ffb594c2000 	C:\WINDOWS\SYSTEM32\kernel.appcore.dll
0x00007ffb55050000 - 0x00007ffb5505a000 	D:\ProgramFiles\Java\AdoptOpenJDK\jdk-14.0.2.12-hotspot\bin\jimage.dll
0x00007ffb58a20000 - 0x00007ffb58c04000 	C:\WINDOWS\SYSTEM32\DBGHELP.DLL
0x00007ffb43a50000 - 0x00007ffb43a7c000 	C:\WINDOWS\SYSTEM32\dbgcore.DLL
0x00007ffb5b4d0000 - 0x00007ffb5b553000 	C:\WINDOWS\System32\bcryptPrimitives.dll
0x00007ffb51110000 - 0x00007ffb5111e000 	D:\ProgramFiles\Java\AdoptOpenJDK\jdk-14.0.2.12-hotspot\bin\instrument.dll
0x00007ffb4d3a0000 - 0x00007ffb4d3c5000 	D:\ProgramFiles\Java\AdoptOpenJDK\jdk-14.0.2.12-hotspot\bin\java.dll
0x00007ffb4d380000 - 0x00007ffb4d396000 	D:\ProgramFiles\Java\AdoptOpenJDK\jdk-14.0.2.12-hotspot\bin\zip.dll

dbghelp: loaded successfully - version: 4.0.5 - missing functions: none
symbol engine: initialized successfully - sym options: 0x614 - pdb path: .;D:\ProgramFiles\Java\AdoptOpenJDK\jdk-14.0.2.12-hotspot\bin;C:\WINDOWS\SYSTEM32;C:\WINDOWS\WinSxS\amd64_microsoft.windows.common-controls_6595b64144ccf1df_6.0.19041.1110_none_60b5254171f9507e;D:\ProgramFiles\Java\AdoptOpenJDK\jdk-14.0.2.12-hotspot\bin\server

VM Arguments:
jvm_args: -Dmaven.multiModuleProjectDirectory=D:\MySelf\Study\Java\JavaStudy\address -Dmaven.home=D:\tools\apache-maven-3.8.2 -Dclassworlds.conf=D:\tools\apache-maven-3.8.2\bin\m2.conf -Dmaven.ext.class.path=D:\ProgramFiles\IntelliJ IDEA 2019.3.1\plugins\maven\lib\maven-event-listener.jar -javaagent:D:\ProgramFiles\IntelliJ IDEA 2019.3.1\lib\idea_rt.jar=3160:D:\ProgramFiles\IntelliJ IDEA 2019.3.1\bin -Dfile.encoding=UTF-8 
java_command: org.codehaus.classworlds.Launcher -Didea.version=2021.2.2 -s D:\tools\apache-maven-3.8.2\conf\settings.xml -Dmaven.repo.local=D:\tools\maven_jar org.apache.maven.plugins:maven-clean-plugin:2.5:clean
java_class_path (initial): D:\tools\apache-maven-3.8.2\boot\plexus-classworlds-2.6.0.jar;D:\tools\apache-maven-3.8.2\boot\plexus-classworlds.license
Launcher Type: SUN_STANDARD

[Global flags]
     intx CICompilerCount                          = 4                                         {product} {ergonomic}
     uint ConcGCThreads                            = 2                                         {product} {ergonomic}
     uint G1ConcRefinementThreads                  = 8                                         {product} {ergonomic}
   size_t G1HeapRegionSize                         = 1048576                                   {product} {ergonomic}
    uintx GCDrainStackTargetSize                   = 64                                        {product} {ergonomic}
   size_t InitialHeapSize                          = 268435456                                 {product} {ergonomic}
   size_t MarkStackSize                            = 4194304                                   {product} {ergonomic}
   size_t MaxHeapSize                              = 4265607168                                {product} {ergonomic}
   size_t MinHeapDeltaBytes                        = 1048576                                   {product} {ergonomic}
   size_t MinHeapSize                              = 8388608                                   {product} {ergonomic}
    uintx NonNMethodCodeHeapSize                   = 5839372                                {pd product} {ergonomic}
    uintx NonProfiledCodeHeapSize                  = 122909434                              {pd product} {ergonomic}
    uintx ProfiledCodeHeapSize                     = 122909434                              {pd product} {ergonomic}
    uintx ReservedCodeCacheSize                    = 251658240                              {pd product} {ergonomic}
     bool SegmentedCodeCache                       = true                                      {product} {ergonomic}
   size_t SoftMaxHeapSize                          = 4265607168                             {manageable} {ergonomic}
     bool UseCompressedClassPointers               = true                                 {lp64_product} {ergonomic}
     bool UseCompressedOops                        = true                                 {lp64_product} {ergonomic}
     bool UseG1GC                                  = true                                      {product} {ergonomic}
     bool UseLargePagesIndividualAllocation        = false                                  {pd product} {ergonomic}

Logging:
Log output configuration:
 #0: stdout all=warning uptime,level,tags
 #1: stderr all=off uptime,level,tags

Environment Variables:
JAVA_HOME=D:\ProgramFiles\Java\AdoptOpenJDK\jdk-14.0.2.12-hotspot\
CLASSPATH=.;D:\ProgramFiles\Java\AdoptOpenJDK\jdk-14.0.2.12-hotspot\\lib\dt.jar;D:\ProgramFiles\Java\AdoptOpenJDK\jdk-14.0.2.12-hotspot\\lib\tools.jar;
PATH=D:\ProgramFiles\Java\AdoptOpenJDK\jdk-14.0.2.12-hotspot\bin;D:\ProgramFiles\Java\Eclipse Foundation\jdk-11.0.12.7-hotspot\bin;D:\ProgramFiles\Java\AdoptOpenJDK\jdk-14.0.2.12-hotspot\\jre\bin;D:\ProgramFiles\Java\AdoptOpenJDK\jdk-14.0.2.12-hotspot\\bin;C:\Windows\system32;C:\Windows;C:\Windows\System32\Wbem;C:\Windows\System32\WindowsPowerShell\v1.0\;C:\Program Files (x86)\NVIDIA Corporation\PhysX\Common;C:\WINDOWS\system32;C:\WINDOWS;C:\WINDOWS\System32\Wbem;C:\WINDOWS\System32\WindowsPowerShell\v1.0\;C:\WINDOWS\System32\OpenSSH\;C:\Program Files\Intel\Intel(R) Management Engine Components\DAL;C:\Program Files (x86)\Intel\Intel(R) Management Engine Components\DAL;C:\Program Files\Common Files\Intel\WirelessCommon\;C:\Program Files\Intel\WiFi\bin\;C:\Program Files\MySQL\MySQL Server 8.0\bin;D:\tools\tomcat9\bin;D:\ProgramFiles\Git\bin;D:\ProgramFiles\Git\cmd;D:\ProgramFiles\nodejs;D:\ProgramFiles\nodejs\node_global;D:\ProgramFiles\Microsoft VS Code\bin;D:\tools\apache-maven-3.8.2\bin;D:\MySelf\ProgramFiles\Cmder\Cmder.exe;D:\SDK\platform-tools;D:\ProgramFiles\Python\Python38\Scripts\;D:\ProgramFiles\Python\Python38\;D:\ProgramFiles\erl10.7\bin;D:\ProgramFiles\RabbitMQ_Server\rabbitmq_server-3.8.2\sbin;C:\Users\zk\AppData\Roaming\npm;C:\Program Files\Bandizip\;C:\Users\zk\AppData\Local\Microsoft\WindowsApps;D:\ProgramFiles\Fiddler;C:\Users\zk\AppData\Local\Microsoft\WindowsApps;
USERNAME=18262
OS=Windows_NT
PROCESSOR_IDENTIFIER=Intel64 Family 6 Model 142 Stepping 10, GenuineIntel



---------------  S Y S T E M  ---------------

OS: Windows 10 , 64 bit Build 19041 (10.0.19041.1202)
OS uptime: 2 days 5:14 hours

CPU:total 8 (initial active 8) (4 cores per cpu, 2 threads per core) family 6 model 142 stepping 10, cmov, cx8, fxsr, mmx, sse, sse2, sse3, ssse3, sse4.1, sse4.2, popcnt, avx, avx2, aes, clmul, erms, 3dnowpref, lzcnt, ht, tsc, tscinvbit, bmi1, bmi2, adx, fma

Memory: 4k page, system-wide physical 16267M (2277M free)
TotalPageFile size 16267M (AvailPageFile size 111M)
current process WorkingSet (physical memory assigned to process): 10M, peak: 10M
current process commit charge ("private bytes"): 61M, peak: 317M

vm_info: OpenJDK 64-Bit Server VM (14.0.2+12) for windows-amd64 JRE (14.0.2+12), built on Jul 15 2020 11:30:16 by "" with MS VC++ 15.9 (VS2017)

END.
